<?xml version="1.0" encoding="UTF-8"?>
<!-- Generated by org.testng.reporters.JUnitXMLReporter -->
<testsuite hostname="DESKTOP-HKD7PMB" ignored="0" name="Royal Alliances Test Cases" tests="52" failures="0" timestamp="2019-09-23T13:17:45 CDT" time="919.955" errors="0">
  <testcase name="setup" time="5.195" classname="com.ra.qa.testcases.LoginPageTest"/>
  <testcase name="validateLoginPageTitleTest" time="0.015" classname="com.ra.qa.testcases.LoginPageTest"/>
  <testcase name="loginTest" time="6.991" classname="com.ra.qa.testcases.LoginPageTest"/>
  <testcase name="navigateToMailQueueTest" time="3.21" classname="com.ra.qa.testcases.LoginPageTest"/>
  <testcase name="selectSiteBTest" time="3.517" classname="com.ra.qa.testcases.LoginPageTest"/>
  <testcase name="tearDown" time="0.734" classname="com.ra.qa.testcases.LoginPageTest"/>
  <testcase name="setup" time="11.592" classname="com.ra.qa.testcases.HomePageTest"/>
  <testcase name="getPageTitleTest" time="0.006" classname="com.ra.qa.testcases.HomePageTest"/>
  <testcase name="selectSiteB" time="7.114" classname="com.ra.qa.testcases.HomePageTest"/>
  <testcase name="clickOnUploadBtnTest" time="2.172" classname="com.ra.qa.testcases.HomePageTest"/>
  <testcase name="uploadFileTest" time="30.475" classname="com.ra.qa.testcases.HomePageTest"/>
  <testcase name="uploadDoneTest" time="203.204" classname="com.ra.qa.testcases.HomePageTest"/>
  <testcase name="gotoMarketingTabTest" time="4.246" classname="com.ra.qa.testcases.HomePageTest"/>
  <testcase name="selectRA061215ReadyTest" time="5.579" classname="com.ra.qa.testcases.HomePageTest"/>
  <testcase name="scheduleMailTest" time="2.204" classname="com.ra.qa.testcases.HomePageTest"/>
  <testcase name="confirmTest" time="4.205" classname="com.ra.qa.testcases.HomePageTest"/>
  <testcase name="submitScheduleTest" time="101.2" classname="com.ra.qa.testcases.HomePageTest"/>
  <testcase name="tearDown" time="0.694" classname="com.ra.qa.testcases.HomePageTest"/>
  <testcase name="setup" time="25.192" classname="com.ra.qa.testcases.SchedulePageTest"/>
  <testcase name="getPageTitleTest" time="0.023" classname="com.ra.qa.testcases.SchedulePageTest"/>
  <testcase name="navigateToScheduledTabTest" time="3.096" classname="com.ra.qa.testcases.SchedulePageTest"/>
  <testcase name="verifyFilePresentF1F2Test" time="0.064" classname="com.ra.qa.testcases.SchedulePageTest"/>
  <testcase name="tearDown" time="0.664" classname="com.ra.qa.testcases.SchedulePageTest"/>
  <testcase name="setup" time="4.635" classname="com.ra.qa.testcases.HubLoginPageTest"/>
  <testcase name="validateLoginPageTitleTest" time="2.007" classname="com.ra.qa.testcases.HubLoginPageTest"/>
  <testcase name="loginTest" time="7.164" classname="com.ra.qa.testcases.HubLoginPageTest"/>
  <testcase name="selectRA49Test" time="2.309" classname="com.ra.qa.testcases.HubLoginPageTest"/>
  <testcase name="gotoRoyalCloudTest" time="5.597" classname="com.ra.qa.testcases.HubLoginPageTest"/>
  <testcase name="tearDown" time="0.691" classname="com.ra.qa.testcases.HubLoginPageTest"/>
  <testcase name="setup" time="20.086" classname="com.ra.qa.testcases.HubHomePageTest"/>
  <testcase name="clickOnInfoMktTest" time="4.056" classname="com.ra.qa.testcases.HubHomePageTest"/>
  <testcase name="tearDown" time="0.714" classname="com.ra.qa.testcases.HubHomePageTest"/>
  <testcase name="setup" time="23.423" classname="com.ra.qa.testcases.ShipmentRequestPageTest"/>
  <testcase name="acceptMkt558579Test" time="2.141" classname="com.ra.qa.testcases.ShipmentRequestPageTest"/>
  <testcase name="sendJobReference558579Test" time="2.148" classname="com.ra.qa.testcases.ShipmentRequestPageTest"/>
  <testcase name="submit558579Test" time="21.694" classname="com.ra.qa.testcases.ShipmentRequestPageTest"/>
  <testcase name="clickOnInfoRAMailAccepted558579" time="4.058" classname="com.ra.qa.testcases.ShipmentRequestPageTest"/>
  <testcase name="submitFinal558579Test" time="2.137" classname="com.ra.qa.testcases.ShipmentRequestPageTest"/>
  <testcase name="clickBrowse558579Test" time="3.27" classname="com.ra.qa.testcases.ShipmentRequestPageTest"/>
  <testcase name="upload558579Test" time="107.271" classname="com.ra.qa.testcases.ShipmentRequestPageTest"/>
  <testcase name="process558579Test" time="120.159" classname="com.ra.qa.testcases.ShipmentRequestPageTest"/>
  <testcase name="finalizeButton558579Test" time="2.102" classname="com.ra.qa.testcases.ShipmentRequestPageTest"/>
  <testcase name="viewReport558579Test" time="5.884" classname="com.ra.qa.testcases.ShipmentRequestPageTest"/>
  <testcase name="finalizeSubmission558579Test" time="3.13" classname="com.ra.qa.testcases.ShipmentRequestPageTest"/>
  <testcase name="close558579Test" time="121.301" classname="com.ra.qa.testcases.ShipmentRequestPageTest"/>
  <testcase name="verifyFinalizationCompleted558579Test" time="0.064" classname="com.ra.qa.testcases.ShipmentRequestPageTest"/>
  <testcase name="testDown" time="0.683" classname="com.ra.qa.testcases.ShipmentRequestPageTest"/>
  <testcase name="setup" time="23.933" classname="com.ra.qa.testcases.AccountingPageTest"/>
  <testcase name="clickOnTransactionAmount558579Test" time="5.158" classname="com.ra.qa.testcases.AccountingPageTest"/>
  <testcase name="mailingCostSummary558579Test" time="2.123" classname="com.ra.qa.testcases.AccountingPageTest"/>
  <testcase name="verifyCostSummary558579Test" time="0.423" classname="com.ra.qa.testcases.AccountingPageTest"/>
  <testcase name="tearDown" time="0.058" classname="com.ra.qa.testcases.AccountingPageTest"/>
</testsuite> <!-- Royal Alliances Test Cases -->
