<?xml version="1.0" encoding="UTF-8"?>
<!-- Generated by org.testng.reporters.JUnitXMLReporter -->
<testsuite hostname="DESKTOP-HKD7PMB" ignored="0" name="Default test" tests="3" failures="0" timestamp="2019-09-23T15:25:27 CDT" time="18.377" errors="0">
  <testcase name="setup" time="18.182" classname="com.ra.qa.testcases.HubAccountingPageTest"/>
  <testcase name="verifyHubAccounting" time="0.094" classname="com.ra.qa.testcases.HubAccountingPageTest"/>
  <testcase name="tearDown" time="0.06" classname="com.ra.qa.testcases.HubAccountingPageTest"/>
</testsuite> <!-- Default test -->
