<?xml version="1.0" encoding="UTF-8"?>
<testng-results skipped="0" failed="0" ignored="0" total="4" passed="4">
  <reporter-output>
  </reporter-output>
  <suite name="Default suite" duration-ms="64898" started-at="2019-10-15T17:56:20 CDT" finished-at="2019-10-15T17:57:25 CDT">
    <groups>
    </groups>
    <test name="Default test" duration-ms="64898" started-at="2019-10-15T17:56:20 CDT" finished-at="2019-10-15T17:57:25 CDT">
      <class name="com.ra.qa.general.Test2">
        <test-method status="PASS" signature="googleSearch()[pri:10, instance:com.ra.qa.general.Test2@6e6c3152]" name="googleSearch" duration-ms="15988" started-at="2019-10-15T17:56:20 CDT" finished-at="2019-10-15T17:56:36 CDT">
          <reporter-output>
          </reporter-output>
        </test-method> <!-- googleSearch -->
        <test-method status="PASS" signature="fbLogin(java.lang.String, java.lang.String)[pri:20, instance:com.ra.qa.general.Test2@6e6c3152]" name="fbLogin" duration-ms="16959" started-at="2019-10-15T17:56:36 CDT" data-provider="TestData" finished-at="2019-10-15T17:56:53 CDT">
          <params>
            <param index="0">
              <value>
                <![CDATA[ABC1]]>
              </value>
            </param>
            <param index="1">
              <value>
                <![CDATA[Pass1]]>
              </value>
            </param>
          </params>
          <reporter-output>
          </reporter-output>
        </test-method> <!-- fbLogin -->
        <test-method status="PASS" signature="fbLogin(java.lang.String, java.lang.String)[pri:20, instance:com.ra.qa.general.Test2@6e6c3152]" name="fbLogin" duration-ms="16161" started-at="2019-10-15T17:56:53 CDT" data-provider="TestData" finished-at="2019-10-15T17:57:10 CDT">
          <params>
            <param index="0">
              <value>
                <![CDATA[ABC2]]>
              </value>
            </param>
            <param index="1">
              <value>
                <![CDATA[Pass2]]>
              </value>
            </param>
          </params>
          <reporter-output>
          </reporter-output>
        </test-method> <!-- fbLogin -->
        <test-method status="PASS" signature="fbLogin(java.lang.String, java.lang.String)[pri:20, instance:com.ra.qa.general.Test2@6e6c3152]" name="fbLogin" duration-ms="15721" started-at="2019-10-15T17:57:10 CDT" data-provider="TestData" finished-at="2019-10-15T17:57:25 CDT">
          <params>
            <param index="0">
              <value>
                <![CDATA[ABC3]]>
              </value>
            </param>
            <param index="1">
              <value>
                <![CDATA[Pass3]]>
              </value>
            </param>
          </params>
          <reporter-output>
          </reporter-output>
        </test-method> <!-- fbLogin -->
      </class> <!-- com.ra.qa.general.Test2 -->
    </test> <!-- Default test -->
  </suite> <!-- Default suite -->
</testng-results>
